<?xml version="1.0" encoding="UTF-8"?>
<coverage generated="1474710768">
    <project timestamp="1474710768">
        <package name="App\Console">
            <file name="/var/www/ellsha.ru/source/app/Console/Kernel.php">
                <class name="Kernel" namespace="App\Console">
                    <metrics complexity="2" methods="2" coveredmethods="1" conditionals="0" coveredconditionals="0" statements="3" coveredstatements="1" elements="5" coveredelements="2"/>
                </class>
                <line num="25" type="method" name="schedule" visibility="protected" complexity="1" crap="1" count="1"/>
                <line num="29" type="stmt" count="1"/>
                <line num="36" type="method" name="commands" visibility="protected" complexity="1" crap="2" count="0"/>
                <line num="38" type="stmt" count="0"/>
                <line num="39" type="stmt" count="0"/>
                <metrics loc="40" ncloc="18" classes="1" methods="2" coveredmethods="1" conditionals="0" coveredconditionals="0" statements="3" coveredstatements="1" elements="5" coveredelements="2"/>
            </file>
        </package>
        <package name="App\Elo">
            <file name="/var/www/ellsha.ru/source/app/Elo/Elo.php">
                <class name="Elo" namespace="App\Elo">
                    <metrics complexity="8" methods="6" coveredmethods="0" conditionals="0" coveredconditionals="0" statements="17" coveredstatements="0" elements="23" coveredelements="0"/>
                </class>
                <line num="24" type="method" name="calculate" visibility="private" complexity="1" crap="2" count="0"/>
                <line num="26" type="stmt" count="0"/>
                <line num="27" type="stmt" count="0"/>
                <line num="29" type="stmt" count="0"/>
                <line num="31" type="stmt" count="0"/>
                <line num="32" type="stmt" count="0"/>
                <line num="34" type="stmt" count="0"/>
                <line num="35" type="stmt" count="0"/>
                <line num="37" type="stmt" count="0"/>
                <line num="49" type="method" name="win" visibility="public" complexity="1" crap="2" count="0"/>
                <line num="51" type="stmt" count="0"/>
                <line num="63" type="method" name="lose" visibility="public" complexity="1" crap="2" count="0"/>
                <line num="65" type="stmt" count="0"/>
                <line num="77" type="method" name="draw" visibility="public" complexity="1" crap="2" count="0"/>
                <line num="79" type="stmt" count="0"/>
                <line num="89" type="method" name="kFactor" visibility="public" complexity="3" crap="12" count="0"/>
                <line num="91" type="stmt" count="0"/>
                <line num="92" type="stmt" count="0"/>
                <line num="95" type="stmt" count="0"/>
                <line num="96" type="stmt" count="0"/>
                <line num="99" type="stmt" count="0"/>
                <line num="110" type="method" name="expectedScore" visibility="private" complexity="1" crap="2" count="0"/>
                <line num="112" type="stmt" count="0"/>
                <metrics loc="113" ncloc="56" classes="1" methods="6" coveredmethods="0" conditionals="0" coveredconditionals="0" statements="17" coveredstatements="0" elements="23" coveredelements="0"/>
            </file>
            <file name="/var/www/ellsha.ru/source/app/Elo/EloTests.php">
                <class name="EloTests" namespace="App\Elo">
                    <metrics complexity="6" methods="6" coveredmethods="0" conditionals="0" coveredconditionals="0" statements="90" coveredstatements="0" elements="96" coveredelements="0"/>
                </class>
                <line num="14" type="method" name="testSmallRatingIntervalAndFewMatchesCount" visibility="public" complexity="1" crap="2" count="0"/>
                <line num="16" type="stmt" count="0"/>
                <line num="17" type="stmt" count="0"/>
                <line num="18" type="stmt" count="0"/>
                <line num="19" type="stmt" count="0"/>
                <line num="20" type="stmt" count="0"/>
                <line num="21" type="stmt" count="0"/>
                <line num="23" type="stmt" count="0"/>
                <line num="24" type="stmt" count="0"/>
                <line num="26" type="stmt" count="0"/>
                <line num="27" type="stmt" count="0"/>
                <line num="29" type="stmt" count="0"/>
                <line num="30" type="stmt" count="0"/>
                <line num="32" type="stmt" count="0"/>
                <line num="33" type="stmt" count="0"/>
                <line num="34" type="stmt" count="0"/>
                <line num="40" type="method" name="testMiddleRatingIntervalAndFewMatchesCount" visibility="public" complexity="1" crap="2" count="0"/>
                <line num="42" type="stmt" count="0"/>
                <line num="43" type="stmt" count="0"/>
                <line num="44" type="stmt" count="0"/>
                <line num="45" type="stmt" count="0"/>
                <line num="46" type="stmt" count="0"/>
                <line num="47" type="stmt" count="0"/>
                <line num="49" type="stmt" count="0"/>
                <line num="50" type="stmt" count="0"/>
                <line num="52" type="stmt" count="0"/>
                <line num="53" type="stmt" count="0"/>
                <line num="56" type="stmt" count="0"/>
                <line num="57" type="stmt" count="0"/>
                <line num="59" type="stmt" count="0"/>
                <line num="60" type="stmt" count="0"/>
                <line num="61" type="stmt" count="0"/>
                <line num="67" type="method" name="testLargeRatingIntervalAndFewMatchesCount" visibility="public" complexity="1" crap="2" count="0"/>
                <line num="69" type="stmt" count="0"/>
                <line num="70" type="stmt" count="0"/>
                <line num="71" type="stmt" count="0"/>
                <line num="72" type="stmt" count="0"/>
                <line num="73" type="stmt" count="0"/>
                <line num="74" type="stmt" count="0"/>
                <line num="76" type="stmt" count="0"/>
                <line num="77" type="stmt" count="0"/>
                <line num="79" type="stmt" count="0"/>
                <line num="80" type="stmt" count="0"/>
                <line num="83" type="stmt" count="0"/>
                <line num="84" type="stmt" count="0"/>
                <line num="86" type="stmt" count="0"/>
                <line num="87" type="stmt" count="0"/>
                <line num="88" type="stmt" count="0"/>
                <line num="94" type="method" name="testSmallRatingIntervalAndManyMatchesCount" visibility="public" complexity="1" crap="2" count="0"/>
                <line num="96" type="stmt" count="0"/>
                <line num="97" type="stmt" count="0"/>
                <line num="98" type="stmt" count="0"/>
                <line num="99" type="stmt" count="0"/>
                <line num="100" type="stmt" count="0"/>
                <line num="101" type="stmt" count="0"/>
                <line num="103" type="stmt" count="0"/>
                <line num="104" type="stmt" count="0"/>
                <line num="106" type="stmt" count="0"/>
                <line num="107" type="stmt" count="0"/>
                <line num="109" type="stmt" count="0"/>
                <line num="110" type="stmt" count="0"/>
                <line num="112" type="stmt" count="0"/>
                <line num="113" type="stmt" count="0"/>
                <line num="114" type="stmt" count="0"/>
                <line num="120" type="method" name="testMiddleRatingIntervalAndManyMatchesCount" visibility="public" complexity="1" crap="2" count="0"/>
                <line num="122" type="stmt" count="0"/>
                <line num="123" type="stmt" count="0"/>
                <line num="124" type="stmt" count="0"/>
                <line num="125" type="stmt" count="0"/>
                <line num="126" type="stmt" count="0"/>
                <line num="127" type="stmt" count="0"/>
                <line num="129" type="stmt" count="0"/>
                <line num="130" type="stmt" count="0"/>
                <line num="132" type="stmt" count="0"/>
                <line num="133" type="stmt" count="0"/>
                <line num="135" type="stmt" count="0"/>
                <line num="136" type="stmt" count="0"/>
                <line num="138" type="stmt" count="0"/>
                <line num="139" type="stmt" count="0"/>
                <line num="140" type="stmt" count="0"/>
                <line num="146" type="method" name="testLargeRatingIntervalAndManyMatchesCount" visibility="public" complexity="1" crap="2" count="0"/>
                <line num="148" type="stmt" count="0"/>
                <line num="149" type="stmt" count="0"/>
                <line num="150" type="stmt" count="0"/>
                <line num="151" type="stmt" count="0"/>
                <line num="152" type="stmt" count="0"/>
                <line num="153" type="stmt" count="0"/>
                <line num="155" type="stmt" count="0"/>
                <line num="156" type="stmt" count="0"/>
                <line num="158" type="stmt" count="0"/>
                <line num="159" type="stmt" count="0"/>
                <line num="161" type="stmt" count="0"/>
                <line num="162" type="stmt" count="0"/>
                <line num="164" type="stmt" count="0"/>
                <line num="165" type="stmt" count="0"/>
                <line num="166" type="stmt" count="0"/>
                <metrics loc="166" ncloc="142" classes="1" methods="6" coveredmethods="0" conditionals="0" coveredconditionals="0" statements="90" coveredstatements="0" elements="96" coveredelements="0"/>
            </file>
        </package>
        <file name="/var/www/ellsha.ru/source/app/Elo/PlayerInterface.php">
            <metrics loc="19" ncloc="9" classes="0" methods="0" coveredmethods="0" conditionals="0" coveredconditionals="0" statements="0" coveredstatements="0" elements="0" coveredelements="0"/>
        </file>
        <package name="App\Exceptions">
            <file name="/var/www/ellsha.ru/source/app/Exceptions/Exception.php">
                <class name="Exception" namespace="App\Exceptions">
                    <metrics complexity="0" methods="0" coveredmethods="0" conditionals="0" coveredconditionals="0" statements="0" coveredstatements="0" elements="0" coveredelements="0"/>
                </class>
                <metrics loc="7" ncloc="7" classes="1" methods="0" coveredmethods="0" conditionals="0" coveredconditionals="0" statements="0" coveredstatements="0" elements="0" coveredelements="0"/>
            </file>
            <file name="/var/www/ellsha.ru/source/app/Exceptions/Handler.php">
                <class name="Handler" namespace="App\Exceptions">
                    <metrics complexity="5" methods="3" coveredmethods="1" conditionals="0" coveredconditionals="0" statements="8" coveredstatements="4" elements="11" coveredelements="5"/>
                </class>
                <line num="33" type="method" name="report" visibility="public" complexity="1" crap="1" count="1"/>
                <line num="35" type="stmt" count="1"/>
                <line num="36" type="stmt" count="1"/>
                <line num="45" type="method" name="render" visibility="public" complexity="2" crap="2.15" count="1"/>
                <line num="47" type="stmt" count="1"/>
                <line num="48" type="stmt" count="0"/>
                <line num="51" type="stmt" count="1"/>
                <line num="61" type="method" name="unauthenticated" visibility="protected" complexity="2" crap="6" count="0"/>
                <line num="63" type="stmt" count="0"/>
                <line num="64" type="stmt" count="0"/>
                <line num="67" type="stmt" count="0"/>
                <metrics loc="69" ncloc="42" classes="1" methods="3" coveredmethods="1" conditionals="0" coveredconditionals="0" statements="8" coveredstatements="4" elements="11" coveredelements="5"/>
            </file>
        </package>
        <package name="App\Http\Controllers\Auth">
            <file name="/var/www/ellsha.ru/source/app/Http/Controllers/Auth/ForgotPasswordController.php">
                <class name="ForgotPasswordController" namespace="App\Http\Controllers\Auth">
                    <metrics complexity="1" methods="1" coveredmethods="0" conditionals="0" coveredconditionals="0" statements="2" coveredstatements="0" elements="3" coveredelements="0"/>
                </class>
                <line num="28" type="method" name="__construct" visibility="public" complexity="1" crap="2" count="0"/>
                <line num="30" type="stmt" count="0"/>
                <line num="31" type="stmt" count="0"/>
                <metrics loc="32" ncloc="17" classes="1" methods="1" coveredmethods="0" conditionals="0" coveredconditionals="0" statements="2" coveredstatements="0" elements="3" coveredelements="0"/>
            </file>
            <file name="/var/www/ellsha.ru/source/app/Http/Controllers/Auth/LoginController.php">
                <class name="LoginController" namespace="App\Http\Controllers\Auth">
                    <metrics complexity="1" methods="1" coveredmethods="0" conditionals="0" coveredconditionals="0" statements="2" coveredstatements="0" elements="3" coveredelements="0"/>
                </class>
                <line num="35" type="method" name="__construct" visibility="public" complexity="1" crap="2" count="0"/>
                <line num="37" type="stmt" count="0"/>
                <line num="38" type="stmt" count="0"/>
                <metrics loc="39" ncloc="19" classes="1" methods="1" coveredmethods="0" conditionals="0" coveredconditionals="0" statements="2" coveredstatements="0" elements="3" coveredelements="0"/>
            </file>
            <file name="/var/www/ellsha.ru/source/app/Http/Controllers/Auth/RegisterController.php">
                <class name="RegisterController" namespace="App\Http\Controllers\Auth">
                    <metrics complexity="3" methods="3" coveredmethods="0" conditionals="0" coveredconditionals="0" statements="12" coveredstatements="0" elements="15" coveredelements="0"/>
                </class>
                <line num="37" type="method" name="__construct" visibility="public" complexity="1" crap="2" count="0"/>
                <line num="39" type="stmt" count="0"/>
                <line num="40" type="stmt" count="0"/>
                <line num="48" type="method" name="validator" visibility="protected" complexity="1" crap="2" count="0"/>
                <line num="50" type="stmt" count="0"/>
                <line num="51" type="stmt" count="0"/>
                <line num="52" type="stmt" count="0"/>
                <line num="53" type="stmt" count="0"/>
                <line num="54" type="stmt" count="0"/>
                <line num="63" type="method" name="create" visibility="protected" complexity="1" crap="2" count="0"/>
                <line num="65" type="stmt" count="0"/>
                <line num="66" type="stmt" count="0"/>
                <line num="67" type="stmt" count="0"/>
                <line num="68" type="stmt" count="0"/>
                <line num="69" type="stmt" count="0"/>
                <metrics loc="71" ncloc="39" classes="1" methods="3" coveredmethods="0" conditionals="0" coveredconditionals="0" statements="12" coveredstatements="0" elements="15" coveredelements="0"/>
            </file>
            <file name="/var/www/ellsha.ru/source/app/Http/Controllers/Auth/ResetPasswordController.php">
                <class name="ResetPasswordController" namespace="App\Http\Controllers\Auth">
                    <metrics complexity="1" methods="1" coveredmethods="0" conditionals="0" coveredconditionals="0" statements="2" coveredstatements="0" elements="3" coveredelements="0"/>
                </class>
                <line num="28" type="method" name="__construct" visibility="public" complexity="1" crap="2" count="0"/>
                <line num="30" type="stmt" count="0"/>
                <line num="31" type="stmt" count="0"/>
                <metrics loc="32" ncloc="17" classes="1" methods="1" coveredmethods="0" conditionals="0" coveredconditionals="0" statements="2" coveredstatements="0" elements="3" coveredelements="0"/>
            </file>
        </package>
        <package name="App\Http\Controllers">
            <file name="/var/www/ellsha.ru/source/app/Http/Controllers/Controller.php">
                <class name="Controller" namespace="App\Http\Controllers">
                    <metrics complexity="0" methods="0" coveredmethods="0" conditionals="0" coveredconditionals="0" statements="0" coveredstatements="0" elements="0" coveredelements="0"/>
                </class>
                <metrics loc="13" ncloc="13" classes="1" methods="0" coveredmethods="0" conditionals="0" coveredconditionals="0" statements="0" coveredstatements="0" elements="0" coveredelements="0"/>
            </file>
            <file name="/var/www/ellsha.ru/source/app/Http/Controllers/MatchesController.php">
                <class name="MatchesController" namespace="App\Http\Controllers">
                    <metrics complexity="16" methods="6" coveredmethods="0" conditionals="0" coveredconditionals="0" statements="50" coveredstatements="0" elements="56" coveredelements="0"/>
                </class>
                <line num="23" type="method" name="index" visibility="public" complexity="3" crap="12" count="0"/>
                <line num="25" type="stmt" count="0"/>
                <line num="26" type="stmt" count="0"/>
                <line num="27" type="stmt" count="0"/>
                <line num="28" type="stmt" count="0"/>
                <line num="29" type="stmt" count="0"/>
                <line num="31" type="stmt" count="0"/>
                <line num="34" type="stmt" count="0"/>
                <line num="36" type="stmt" count="0"/>
                <line num="46" type="method" name="store" visibility="public" complexity="3" crap="12" count="0"/>
                <line num="48" type="stmt" count="0"/>
                <line num="50" type="stmt" count="0"/>
                <line num="51" type="stmt" count="0"/>
                <line num="54" type="stmt" count="0"/>
                <line num="56" type="stmt" count="0"/>
                <line num="57" type="stmt" count="0"/>
                <line num="58" type="stmt" count="0"/>
                <line num="59" type="stmt" count="0"/>
                <line num="60" type="stmt" count="0"/>
                <line num="61" type="stmt" count="0"/>
                <line num="62" type="stmt" count="0"/>
                <line num="64" type="stmt" count="0"/>
                <line num="74" type="method" name="updatePlayersRating" visibility="private" complexity="4" crap="20" count="0"/>
                <line num="76" type="stmt" count="0"/>
                <line num="77" type="stmt" count="0"/>
                <line num="78" type="stmt" count="0"/>
                <line num="81" type="stmt" count="0"/>
                <line num="83" type="stmt" count="0"/>
                <line num="84" type="stmt" count="0"/>
                <line num="85" type="stmt" count="0"/>
                <line num="86" type="stmt" count="0"/>
                <line num="89" type="stmt" count="0"/>
                <line num="90" type="stmt" count="0"/>
                <line num="92" type="stmt" count="0"/>
                <line num="93" type="stmt" count="0"/>
                <line num="94" type="stmt" count="0"/>
                <line num="102" type="method" name="show" visibility="public" complexity="1" crap="2" count="0"/>
                <line num="104" type="stmt" count="0"/>
                <line num="106" type="stmt" count="0"/>
                <line num="116" type="method" name="update" visibility="public" complexity="4" crap="20" count="0"/>
                <line num="118" type="stmt" count="0"/>
                <line num="120" type="stmt" count="0"/>
                <line num="121" type="stmt" count="0"/>
                <line num="122" type="stmt" count="0"/>
                <line num="124" type="stmt" count="0"/>
                <line num="125" type="stmt" count="0"/>
                <line num="126" type="stmt" count="0"/>
                <line num="128" type="stmt" count="0"/>
                <line num="129" type="stmt" count="0"/>
                <line num="130" type="stmt" count="0"/>
                <line num="132" type="stmt" count="0"/>
                <line num="134" type="stmt" count="0"/>
                <line num="143" type="method" name="destroy" visibility="public" complexity="1" crap="2" count="0"/>
                <line num="145" type="stmt" count="0"/>
                <line num="147" type="stmt" count="0"/>
                <line num="148" type="stmt" count="0"/>
                <metrics loc="149" ncloc="110" classes="1" methods="6" coveredmethods="0" conditionals="0" coveredconditionals="0" statements="50" coveredstatements="0" elements="56" coveredelements="0"/>
            </file>
            <file name="/var/www/ellsha.ru/source/app/Http/Controllers/PlayersController.php">
                <class name="PlayersController" namespace="App\Http\Controllers">
                    <metrics complexity="2" methods="2" coveredmethods="0" conditionals="0" coveredconditionals="0" statements="2" coveredstatements="0" elements="4" coveredelements="0"/>
                </class>
                <line num="15" type="method" name="matches" visibility="public" complexity="1" crap="2" count="0"/>
                <line num="17" type="stmt" count="0"/>
                <line num="26" type="method" name="rating" visibility="public" complexity="1" crap="2" count="0"/>
                <line num="28" type="stmt" count="0"/>
                <metrics loc="29" ncloc="17" classes="1" methods="2" coveredmethods="0" conditionals="0" coveredconditionals="0" statements="2" coveredstatements="0" elements="4" coveredelements="0"/>
            </file>
        </package>
        <package name="App\Http">
            <file name="/var/www/ellsha.ru/source/app/Http/Kernel.php">
                <class name="Kernel" namespace="App\Http">
                    <metrics complexity="0" methods="0" coveredmethods="0" conditionals="0" coveredconditionals="0" statements="0" coveredstatements="0" elements="0" coveredelements="0"/>
                </class>
                <metrics loc="56" ncloc="37" classes="1" methods="0" coveredmethods="0" conditionals="0" coveredconditionals="0" statements="0" coveredstatements="0" elements="0" coveredelements="0"/>
            </file>
        </package>
        <package name="App\Http\Middleware">
            <file name="/var/www/ellsha.ru/source/app/Http/Middleware/EncryptCookies.php">
                <class name="EncryptCookies" namespace="App\Http\Middleware">
                    <metrics complexity="0" methods="0" coveredmethods="0" conditionals="0" coveredconditionals="0" statements="0" coveredstatements="0" elements="0" coveredelements="0"/>
                </class>
                <metrics loc="17" ncloc="10" classes="1" methods="0" coveredmethods="0" conditionals="0" coveredconditionals="0" statements="0" coveredstatements="0" elements="0" coveredelements="0"/>
            </file>
            <file name="/var/www/ellsha.ru/source/app/Http/Middleware/RedirectIfAuthenticated.php">
                <class name="RedirectIfAuthenticated" namespace="App\Http\Middleware">
                    <metrics complexity="2" methods="1" coveredmethods="0" conditionals="0" coveredconditionals="0" statements="3" coveredstatements="0" elements="4" coveredelements="0"/>
                </class>
                <line num="18" type="method" name="handle" visibility="public" complexity="2" crap="6" count="0"/>
                <line num="20" type="stmt" count="0"/>
                <line num="21" type="stmt" count="0"/>
                <line num="24" type="stmt" count="0"/>
                <metrics loc="26" ncloc="18" classes="1" methods="1" coveredmethods="0" conditionals="0" coveredconditionals="0" statements="3" coveredstatements="0" elements="4" coveredelements="0"/>
            </file>
            <file name="/var/www/ellsha.ru/source/app/Http/Middleware/VerifyCsrfToken.php">
                <class name="VerifyCsrfToken" namespace="App\Http\Middleware">
                    <metrics complexity="0" methods="0" coveredmethods="0" conditionals="0" coveredconditionals="0" statements="0" coveredstatements="0" elements="0" coveredelements="0"/>
                </class>
                <metrics loc="17" ncloc="10" classes="1" methods="0" coveredmethods="0" conditionals="0" coveredconditionals="0" statements="0" coveredstatements="0" elements="0" coveredelements="0"/>
            </file>
        </package>
        <package name="App\Http\Requests">
            <file name="/var/www/ellsha.ru/source/app/Http/Requests/CreateMatchRequest.php">
                <class name="CreateMatchRequest" namespace="App\Http\Requests">
                    <metrics complexity="2" methods="2" coveredmethods="0" conditionals="0" coveredconditionals="0" statements="5" coveredstatements="0" elements="7" coveredelements="0"/>
                </class>
                <line num="21" type="method" name="authorize" visibility="public" complexity="1" crap="2" count="0"/>
                <line num="23" type="stmt" count="0"/>
                <line num="31" type="method" name="rules" visibility="public" complexity="1" crap="2" count="0"/>
                <line num="34" type="stmt" count="0"/>
                <line num="35" type="stmt" count="0"/>
                <line num="36" type="stmt" count="0"/>
                <line num="38" type="stmt" count="0"/>
                <metrics loc="40" ncloc="23" classes="1" methods="2" coveredmethods="0" conditionals="0" coveredconditionals="0" statements="5" coveredstatements="0" elements="7" coveredelements="0"/>
            </file>
            <file name="/var/www/ellsha.ru/source/app/Http/Requests/IndexMatchRequest.php">
                <class name="IndexMatchRequest" namespace="App\Http\Requests">
                    <metrics complexity="2" methods="2" coveredmethods="0" conditionals="0" coveredconditionals="0" statements="4" coveredstatements="0" elements="6" coveredelements="0"/>
                </class>
                <line num="18" type="method" name="authorize" visibility="public" complexity="1" crap="2" count="0"/>
                <line num="20" type="stmt" count="0"/>
                <line num="28" type="method" name="rules" visibility="public" complexity="1" crap="2" count="0"/>
                <line num="31" type="stmt" count="0"/>
                <line num="32" type="stmt" count="0"/>
                <line num="33" type="stmt" count="0"/>
                <metrics loc="34" ncloc="20" classes="1" methods="2" coveredmethods="0" conditionals="0" coveredconditionals="0" statements="4" coveredstatements="0" elements="6" coveredelements="0"/>
            </file>
            <file name="/var/www/ellsha.ru/source/app/Http/Requests/UpdateMatchRequest.php">
                <class name="UpdateMatchRequest" namespace="App\Http\Requests">
                    <metrics complexity="2" methods="2" coveredmethods="0" conditionals="0" coveredconditionals="0" statements="5" coveredstatements="0" elements="7" coveredelements="0"/>
                </class>
                <line num="20" type="method" name="authorize" visibility="public" complexity="1" crap="2" count="0"/>
                <line num="22" type="stmt" count="0"/>
                <line num="30" type="method" name="rules" visibility="public" complexity="1" crap="2" count="0"/>
                <line num="33" type="stmt" count="0"/>
                <line num="34" type="stmt" count="0"/>
                <line num="35" type="stmt" count="0"/>
                <line num="37" type="stmt" count="0"/>
                <metrics loc="39" ncloc="23" classes="1" methods="2" coveredmethods="0" conditionals="0" coveredconditionals="0" statements="5" coveredstatements="0" elements="7" coveredelements="0"/>
            </file>
        </package>
        <package name="App">
            <file name="/var/www/ellsha.ru/source/app/Match.php">
                <class name="Match" namespace="App">
                    <metrics complexity="1" methods="1" coveredmethods="0" conditionals="0" coveredconditionals="0" statements="1" coveredstatements="0" elements="2" coveredelements="0"/>
                </class>
                <line num="50" type="method" name="players" visibility="public" complexity="1" crap="2" count="0"/>
                <line num="52" type="stmt" count="0"/>
                <metrics loc="53" ncloc="23" classes="1" methods="1" coveredmethods="0" conditionals="0" coveredconditionals="0" statements="1" coveredstatements="0" elements="2" coveredelements="0"/>
            </file>
            <file name="/var/www/ellsha.ru/source/app/Player.php">
                <class name="Player" namespace="App">
                    <metrics complexity="3" methods="3" coveredmethods="0" conditionals="0" coveredconditionals="0" statements="3" coveredstatements="0" elements="6" coveredelements="0"/>
                </class>
                <line num="47" type="method" name="matches" visibility="public" complexity="1" crap="2" count="0"/>
                <line num="49" type="stmt" count="0"/>
                <line num="57" type="method" name="getEloRating" visibility="public" complexity="1" crap="2" count="0"/>
                <line num="59" type="stmt" count="0"/>
                <line num="67" type="method" name="getMatchesCount" visibility="public" complexity="1" crap="2" count="0"/>
                <line num="69" type="stmt" count="0"/>
                <metrics loc="71" ncloc="32" classes="1" methods="3" coveredmethods="0" conditionals="0" coveredconditionals="0" statements="3" coveredstatements="0" elements="6" coveredelements="0"/>
            </file>
        </package>
        <package name="App\Providers">
            <file name="/var/www/ellsha.ru/source/app/Providers/AppServiceProvider.php">
                <class name="AppServiceProvider" namespace="App\Providers">
                    <metrics complexity="2" methods="2" coveredmethods="2" conditionals="0" coveredconditionals="0" statements="2" coveredstatements="2" elements="4" coveredelements="4"/>
                </class>
                <line num="14" type="method" name="boot" visibility="public" complexity="1" crap="1" count="1"/>
                <line num="17" type="stmt" count="1"/>
                <line num="24" type="method" name="register" visibility="public" complexity="1" crap="1" count="1"/>
                <line num="27" type="stmt" count="1"/>
                <metrics loc="28" ncloc="14" classes="1" methods="2" coveredmethods="2" conditionals="0" coveredconditionals="0" statements="2" coveredstatements="2" elements="4" coveredelements="4"/>
            </file>
            <file name="/var/www/ellsha.ru/source/app/Providers/AuthServiceProvider.php">
                <class name="AuthServiceProvider" namespace="App\Providers">
                    <metrics complexity="1" methods="1" coveredmethods="1" conditionals="0" coveredconditionals="0" statements="3" coveredstatements="3" elements="4" coveredelements="4"/>
                </class>
                <line num="24" type="method" name="boot" visibility="public" complexity="1" crap="1" count="1"/>
                <line num="25" type="stmt" count="1"/>
                <line num="26" type="stmt" count="1"/>
                <line num="29" type="stmt" count="1"/>
                <metrics loc="30" ncloc="18" classes="1" methods="1" coveredmethods="1" conditionals="0" coveredconditionals="0" statements="3" coveredstatements="3" elements="4" coveredelements="4"/>
            </file>
            <file name="/var/www/ellsha.ru/source/app/Providers/BroadcastServiceProvider.php">
                <class name="BroadcastServiceProvider" namespace="App\Providers">
                    <metrics complexity="2" methods="2" coveredmethods="0" conditionals="0" coveredconditionals="0" statements="3" coveredstatements="0" elements="5" coveredelements="0"/>
                </class>
                <line num="15" type="method" name="boot" visibility="public" complexity="1" crap="2" count="0"/>
                <line num="17" type="stmt" count="0"/>
                <line num="22" type="method" name="anonymous function" complexity="1" crap="2" count="0"/>
                <line num="23" type="stmt" count="0"/>
                <line num="24" type="stmt" count="0"/>
                <line num="25" type="stmt" count="0"/>
                <metrics loc="26" ncloc="18" classes="1" methods="2" coveredmethods="0" conditionals="0" coveredconditionals="0" statements="4" coveredstatements="0" elements="6" coveredelements="0"/>
            </file>
            <file name="/var/www/ellsha.ru/source/app/Providers/EventServiceProvider.php">
                <class name="EventServiceProvider" namespace="App\Providers">
                    <metrics complexity="1" methods="1" coveredmethods="1" conditionals="0" coveredconditionals="0" statements="2" coveredstatements="2" elements="3" coveredelements="3"/>
                </class>
                <line num="26" type="method" name="boot" visibility="public" complexity="1" crap="1" count="1"/>
                <line num="28" type="stmt" count="1"/>
                <line num="31" type="stmt" count="1"/>
                <metrics loc="32" ncloc="20" classes="1" methods="1" coveredmethods="1" conditionals="0" coveredconditionals="0" statements="2" coveredstatements="2" elements="3" coveredelements="3"/>
            </file>
            <file name="/var/www/ellsha.ru/source/app/Providers/RouteServiceProvider.php">
                <class name="RouteServiceProvider" namespace="App\Providers">
                    <metrics complexity="5" methods="5" coveredmethods="5" conditionals="0" coveredconditionals="0" statements="17" coveredstatements="17" elements="22" coveredelements="22"/>
                </class>
                <line num="24" type="method" name="boot" visibility="public" complexity="1" crap="1" count="1"/>
                <line num="28" type="stmt" count="1"/>
                <line num="29" type="stmt" count="1"/>
                <line num="36" type="method" name="map" visibility="public" complexity="1" crap="1" count="1"/>
                <line num="38" type="stmt" count="1"/>
                <line num="40" type="stmt" count="1"/>
                <line num="43" type="stmt" count="1"/>
                <line num="52" type="method" name="mapWebRoutes" visibility="protected" complexity="1" crap="1" count="1"/>
                <line num="54" type="stmt" count="1"/>
                <line num="55" type="stmt" count="1"/>
                <line num="56" type="stmt" count="1"/>
                <line num="58" type="stmt" count="1"/>
                <line num="59" type="stmt" count="1"/>
                <line num="60" type="stmt" count="1"/>
                <line num="69" type="method" name="mapApiRoutes" visibility="protected" complexity="1" crap="1" count="1"/>
                <line num="71" type="stmt" count="1"/>
                <line num="72" type="stmt" count="1"/>
                <line num="73" type="stmt" count="1"/>
                <line num="74" type="stmt" count="1"/>
                <line num="75" type="method" name="anonymous function" complexity="1" crap="1" count="1"/>
                <line num="76" type="stmt" count="1"/>
                <line num="77" type="stmt" count="1"/>
                <line num="78" type="stmt" count="1"/>
                <metrics loc="79" ncloc="44" classes="1" methods="5" coveredmethods="5" conditionals="0" coveredconditionals="0" statements="18" coveredstatements="18" elements="23" coveredelements="23"/>
            </file>
        </package>
        <metrics files="27" loc="1327" ncloc="816" classes="26" methods="53" coveredmethods="11" conditionals="0" coveredconditionals="0" statements="238" coveredstatements="30" elements="291" coveredelements="41"/>
    </project>
</coverage>
